<?xml version="1.0" encoding="UTF-8"?>
<!-- Generated by org.testng.reporters.JUnitXMLReporter -->
<testsuite hostname="SANDEEP" name="msupply_HomePage_FooterSections" tests="1" failures="1" timestamp="13 Jul 2016 17:04:40 GMT" time="346.946" errors="0">
  <testcase name="msupply_HomePage_FooterSections" time="329.332" classname="Functional_TestCase_HomePage.msupply_HomePage_FooterSections_Test">
    <failure type="java.lang.AssertionError" message="expected [mSupply] but found [mSupply | Facebook]">
      <![CDATA[java.lang.AssertionError: expected [mSupply] but found [mSupply | Facebook]
	at POM.HomePage.msupplyAboutusFooter(HomePage.java:1636)
	at Functional_TestCase_HomePage.msupply_HomePage_FooterSections_Test.msupply_HomePage_FooterSections(msupply_HomePage_FooterSections_Test.java:46)
... Removed 33 stack frames]]>
    </failure>
  </testcase> <!-- msupply_HomePage_FooterSections -->
</testsuite> <!-- msupply_HomePage_FooterSections -->
