<?xml version="1.0" encoding="UTF-8"?>
<!-- Generated by org.testng.reporters.JUnitXMLReporter -->
<testsuite hostname="SANDEEP" name="msupply_HomePage_HeroImage_And_MarketingPromos" tests="1" failures="1" timestamp="13 Jul 2016 17:07:19 GMT" time="158.574" errors="0">
  <testcase name="msupply_HomePage_HeroImage_And_MarketingPromos" time="144.308" classname="Functional_TestCase_HomePage.msupply_HomePage_HeroImage_And_MarketingPromos_Test">
    <failure type="java.util.NoSuchElementException">
      <![CDATA[java.util.NoSuchElementException
	at java.util.LinkedHashMap$LinkedHashIterator.nextEntry(LinkedHashMap.java:396)
	at java.util.LinkedHashMap$KeyIterator.next(LinkedHashMap.java:405)
	at GenericLibrary.WebDriverCommonFunctions.element_Window_SwitchToChild(WebDriverCommonFunctions.java:879)
	at POM.HomePage.Functional_MarketingPromos(HomePage.java:1254)
	at Functional_TestCase_HomePage.msupply_HomePage_HeroImage_And_MarketingPromos_Test.msupply_HomePage_HeroImage_And_MarketingPromos(msupply_HomePage_HeroImage_And_MarketingPromos_Test.java:42)
... Removed 27 stack frames]]>
    </failure>
  </testcase> <!-- msupply_HomePage_HeroImage_And_MarketingPromos -->
</testsuite> <!-- msupply_HomePage_HeroImage_And_MarketingPromos -->
