<?xml version="1.0" encoding="UTF-8"?>
<!-- Generated by org.testng.reporters.JUnitXMLReporter -->
<testsuite hostname="SANDEEP" name="msupply_HomePage_Main_HeaderVerification" tests="1" failures="1" timestamp="13 Jul 2016 17:09:48 GMT" time="149.627" errors="0">
  <testcase name="msupply_HomePage_Main_HeaderVerification" time="137.595" classname="Functional_TestCase_HomePage.msupply_HomePage_Main_HeaderVerification_Test">
    <failure type="java.lang.Exception">
      <![CDATA[java.lang.Exception
	at GenericLibrary.WebDriverCommonFunctions.Print_WithException_inLogAndHTMLReports(WebDriverCommonFunctions.java:682)
	at Functional_TestCase_HomePage.msupply_HomePage_Main_HeaderVerification_Test.msupply_HomePage_Main_HeaderVerification(msupply_HomePage_Main_HeaderVerification_Test.java:48)
... Removed 27 stack frames]]>
    </failure>
  </testcase> <!-- msupply_HomePage_Main_HeaderVerification -->
</testsuite> <!-- msupply_HomePage_Main_HeaderVerification -->
