<?xml version="1.0" encoding="UTF-8"?>
<!-- Generated by org.testng.reporters.JUnitXMLReporter -->
<testsuite hostname="My-PC" name="Default test" tests="1" failures="0" timestamp="19 Feb 2017 10:37:31 GMT" time="48.015" errors="0">
  <testcase name="@BeforeTest beforeTestCofig" time="0.0" classname="Functional_TestCase_HomePage.HomePageTest">
    <failure type="org.openqa.selenium.WebDriverException" message="Failed to connect to binary FirefoxBinary(C:\Program Files (x86)\Mozilla Firefox\firefox.exe) on port 7055; process output follows: 
tionsType&amp;quot;:null,&amp;quot;aboutURL&amp;quot;:null,&amp;quot;icons&amp;quot;:{&amp;quot;32&amp;quot;:&amp;quot;icon.png&amp;quot;,&amp;quot;48&amp;quot;:&amp;quot;icon.png&amp;quot;},&amp;quot;iconURL&amp;quot;:null,&amp;quot;icon64URL&amp;quot;:null,&amp;quot;defaultLocale&amp;quot;:{&amp;quot;name&amp;quot;:&amp;quot;Norton Security Toolbar&amp;quot;,&amp;quot;description&amp;quot;:&amp;quot;Norton Safe Search and Safe Web warn you of dangerous sites when you search, shop or browse online.&amp;quot;,&amp;quot;creator&amp;quot;:&amp;quot;Symantec Corporation&amp;quot;,&amp;quot;homepageURL&amp;quot;:null},&amp;quot;visible&amp;quot;:true,&amp;quot;active&amp;quot;:false,&amp;quot;userDisabled&amp;quot;:true,&amp;quot;appDisabled&amp;quot;:false,&amp;quot;descriptor&amp;quot;:&amp;quot;C:\\ProgramData\\Norton\\{0C55C096-0F1D-4F28-AAA2-85EF591126E7}\\N360_22.8.1.14\\coFFAddon&amp;quot;,&amp;quot;installDate&amp;quot;:1483964605370,&amp;quot;updateDate&amp;quot;:1483964605370,&amp;quot;applyBackgroundUpdates&amp;quot;:1,&amp;quot;bootstrap&amp;quot;:true,&amp;quot;skinnable&amp;quot;:false,&amp;quot;size&amp;quot;:2195099,&amp;quot;sourceURI&amp;quot;:null,&amp;quot;releaseNotesURI&amp;quot;:null,&amp;quot;softDisabled&amp;quot;:false,&amp;quot;foreignInstall&amp;quot;:true,&amp;quot;hasBinaryComponents&amp;quot;:false,&amp;quot;strictCompatibility&amp;quot;:false,&amp;quot;locales&amp;quot;:[],&amp;quot;targetApplications&amp;quot;:[{&amp;quot;id&amp;quot;:&amp;quot;{ec8030f7-c20a-464f-9b0e-13a3a9e97384}&amp;quot;,&amp;quot;minVersion&amp;quot;:&amp;quot;38.0a1&amp;quot;,&amp;quot;maxVersion&amp;quot;:&amp;quot;*&amp;quot;}],&amp;quot;targetPlatforms&amp;quot;:[],&amp;quot;multiprocessCompatible&amp;quot;:false,&amp;quot;signedState&amp;quot;:2,&amp;quot;seen&amp;quot;:true}
1487500605640	DeferredSave.extensions.json	DEBUG	Save changes
1487500605640	addons.xpi	DEBUG	Updating database with changes to installed add-ons
1487500605640	addons.xpi-utils	DEBUG	Updating add-on states
1487500605641	addons.xpi-utils	DEBUG	Writing add-ons list
1487500605645	addons.xpi	DEBUG	Registering manifest for C:\Program Files (x86)\Mozilla Firefox\browser\features\e10srollout@mozilla.org.xpi
1487500605646	addons.xpi	DEBUG	Calling bootstrap method startup on e10srollout@mozilla.org version 1.0
1487500605646	addons.xpi	DEBUG	Registering manifest for C:\Program Files (x86)\Mozilla Firefox\browser\features\firefox@getpocket.com.xpi
1487500605646	addons.xpi	DEBUG	Calling bootstrap method startup on firefox@getpocket.com version 1.0.2
1487500605648	addons.xpi	DEBUG	Registering manifest for C:\Program Files (x86)\Mozilla Firefox\browser\features\loop@mozilla.org.xpi
1487500605649	addons.xpi	DEBUG	Calling bootstrap method startup on loop@mozilla.org version 1.3.2
1487500605674	addons.xpi	DEBUG	Registering manifest for C:\Program Files (x86)\Mozilla Firefox\browser\features\websensehelper@mozilla.org.xpi
1487500605674	addons.xpi	DEBUG	Calling bootstrap method startup on websensehelper@mozilla.org version 1.0
1487500605679	addons.manager	DEBUG	Registering shutdown blocker for XPIProvider
1487500605679	addons.manager	DEBUG	Provider finished startup: XPIProvider
1487500605679	addons.manager	DEBUG	Starting provider: LightweightThemeManager
1487500605680	addons.manager	DEBUG	Registering shutdown blocker for LightweightThemeManager
1487500605680	addons.manager	DEBUG	Provider finished startup: LightweightThemeManager
1487500605680	addons.manager	DEBUG	Starting provider: GMPProvider
1487500605688	addons.manager	DEBUG	Registering shutdown blocker for GMPProvider
1487500605689	addons.manager	DEBUG	Provider finished startup: GMPProvider
1487500605689	addons.manager	DEBUG	Starting provider: PluginProvider
1487500605689	addons.manager	DEBUG	Registering shutdown blocker for PluginProvider
1487500605689	addons.manager	DEBUG	Provider finished startup: PluginProvider
1487500605690	addons.manager	DEBUG	Completed startup sequence
1487500607397	addons.manager	DEBUG	Starting provider: &amp;lt;unnamed-provider&amp;gt;
1487500607398	addons.manager	DEBUG	Registering shutdown blocker for &amp;lt;unnamed-provider&amp;gt;
1487500607398	addons.manager	DEBUG	Provider finished startup: &amp;lt;unnamed-provider&amp;gt;
1487500607400	DeferredSave.extensions.json	DEBUG	Starting write
1487500607568	addons.repository	DEBUG	No addons.json found.
1487500607569	DeferredSave.addons.json	DEBUG	Save changes
1487500607572	DeferredSave.addons.json	DEBUG	Starting timer
1487500607599	addons.manager	DEBUG	Starting provider: PreviousExperimentProvider
1487500607600	addons.manager	DEBUG	Registering shutdown blocker for PreviousExperimentProvider
1487500607600	addons.manager	DEBUG	Provider finished startup: PreviousExperimentProvider
1487500607770	DeferredSave.extensions.json	DEBUG	Write succeeded
1487500607775	DeferredSave.addons.json	DEBUG	Starting write
1487500607828	DeferredSave.addons.json	DEBUG	Write succeeded

Build info: version: &amp;apos;2.53.0&amp;apos;, revision: &amp;apos;35ae25b1534ae328c771e0856c93e187490ca824&amp;apos;, time: &amp;apos;2016-03-15 10:43:46&amp;apos;
System info: host: &amp;apos;My-PC&amp;apos;, ip: &amp;apos;192.168.0.102&amp;apos;, os.name: &amp;apos;Windows 7&amp;apos;, os.arch: &amp;apos;amd64&amp;apos;, os.version: &amp;apos;6.1&amp;apos;, java.version: &amp;apos;1.8.0_111&amp;apos;
Driver info: driver.version: FirefoxDriver">
      <![CDATA[org.openqa.selenium.WebDriverException: Failed to connect to binary FirefoxBinary(C:\Program Files (x86)\Mozilla Firefox\firefox.exe) on port 7055; process output follows: 
tionsType":null,"aboutURL":null,"icons":{"32":"icon.png","48":"icon.png"},"iconURL":null,"icon64URL":null,"defaultLocale":{"name":"Norton Security Toolbar","description":"Norton Safe Search and Safe Web warn you of dangerous sites when you search, shop or browse online.","creator":"Symantec Corporation","homepageURL":null},"visible":true,"active":false,"userDisabled":true,"appDisabled":false,"descriptor":"C:\\ProgramData\\Norton\\{0C55C096-0F1D-4F28-AAA2-85EF591126E7}\\N360_22.8.1.14\\coFFAddon","installDate":1483964605370,"updateDate":1483964605370,"applyBackgroundUpdates":1,"bootstrap":true,"skinnable":false,"size":2195099,"sourceURI":null,"releaseNotesURI":null,"softDisabled":false,"foreignInstall":true,"hasBinaryComponents":false,"strictCompatibility":false,"locales":[],"targetApplications":[{"id":"{ec8030f7-c20a-464f-9b0e-13a3a9e97384}","minVersion":"38.0a1","maxVersion":"*"}],"targetPlatforms":[],"multiprocessCompatible":false,"signedState":2,"seen":true}
1487500605640	DeferredSave.extensions.json	DEBUG	Save changes
1487500605640	addons.xpi	DEBUG	Updating database with changes to installed add-ons
1487500605640	addons.xpi-utils	DEBUG	Updating add-on states
1487500605641	addons.xpi-utils	DEBUG	Writing add-ons list
1487500605645	addons.xpi	DEBUG	Registering manifest for C:\Program Files (x86)\Mozilla Firefox\browser\features\e10srollout@mozilla.org.xpi
1487500605646	addons.xpi	DEBUG	Calling bootstrap method startup on e10srollout@mozilla.org version 1.0
1487500605646	addons.xpi	DEBUG	Registering manifest for C:\Program Files (x86)\Mozilla Firefox\browser\features\firefox@getpocket.com.xpi
1487500605646	addons.xpi	DEBUG	Calling bootstrap method startup on firefox@getpocket.com version 1.0.2
1487500605648	addons.xpi	DEBUG	Registering manifest for C:\Program Files (x86)\Mozilla Firefox\browser\features\loop@mozilla.org.xpi
1487500605649	addons.xpi	DEBUG	Calling bootstrap method startup on loop@mozilla.org version 1.3.2
1487500605674	addons.xpi	DEBUG	Registering manifest for C:\Program Files (x86)\Mozilla Firefox\browser\features\websensehelper@mozilla.org.xpi
1487500605674	addons.xpi	DEBUG	Calling bootstrap method startup on websensehelper@mozilla.org version 1.0
1487500605679	addons.manager	DEBUG	Registering shutdown blocker for XPIProvider
1487500605679	addons.manager	DEBUG	Provider finished startup: XPIProvider
1487500605679	addons.manager	DEBUG	Starting provider: LightweightThemeManager
1487500605680	addons.manager	DEBUG	Registering shutdown blocker for LightweightThemeManager
1487500605680	addons.manager	DEBUG	Provider finished startup: LightweightThemeManager
1487500605680	addons.manager	DEBUG	Starting provider: GMPProvider
1487500605688	addons.manager	DEBUG	Registering shutdown blocker for GMPProvider
1487500605689	addons.manager	DEBUG	Provider finished startup: GMPProvider
1487500605689	addons.manager	DEBUG	Starting provider: PluginProvider
1487500605689	addons.manager	DEBUG	Registering shutdown blocker for PluginProvider
1487500605689	addons.manager	DEBUG	Provider finished startup: PluginProvider
1487500605690	addons.manager	DEBUG	Completed startup sequence
1487500607397	addons.manager	DEBUG	Starting provider: <unnamed-provider>
1487500607398	addons.manager	DEBUG	Registering shutdown blocker for <unnamed-provider>
1487500607398	addons.manager	DEBUG	Provider finished startup: <unnamed-provider>
1487500607400	DeferredSave.extensions.json	DEBUG	Starting write
1487500607568	addons.repository	DEBUG	No addons.json found.
1487500607569	DeferredSave.addons.json	DEBUG	Save changes
1487500607572	DeferredSave.addons.json	DEBUG	Starting timer
1487500607599	addons.manager	DEBUG	Starting provider: PreviousExperimentProvider
1487500607600	addons.manager	DEBUG	Registering shutdown blocker for PreviousExperimentProvider
1487500607600	addons.manager	DEBUG	Provider finished startup: PreviousExperimentProvider
1487500607770	DeferredSave.extensions.json	DEBUG	Write succeeded
1487500607775	DeferredSave.addons.json	DEBUG	Starting write
1487500607828	DeferredSave.addons.json	DEBUG	Write succeeded

Build info: version: '2.53.0', revision: '35ae25b1534ae328c771e0856c93e187490ca824', time: '2016-03-15 10:43:46'
System info: host: 'My-PC', ip: '192.168.0.102', os.name: 'Windows 7', os.arch: 'amd64', os.version: '6.1', java.version: '1.8.0_111'
Driver info: driver.version: FirefoxDriver
	at org.openqa.selenium.firefox.internal.NewProfileExtensionConnection.start(NewProfileExtensionConnection.java:125)
	at org.openqa.selenium.firefox.FirefoxDriver.startClient(FirefoxDriver.java:271)
	at org.openqa.selenium.remote.RemoteWebDriver.<init>(RemoteWebDriver.java:119)
	at org.openqa.selenium.firefox.FirefoxDriver.<init>(FirefoxDriver.java:216)
	at org.openqa.selenium.firefox.FirefoxDriver.<init>(FirefoxDriver.java:211)
	at org.openqa.selenium.firefox.FirefoxDriver.<init>(FirefoxDriver.java:207)
	at org.openqa.selenium.firefox.FirefoxDriver.<init>(FirefoxDriver.java:120)
	at GenericLibrary.BrowserSelection.selectBrowserDriver(BrowserSelection.java:31)
	at Scenarios.Scenario1Test.beforeTestCofig(Scenario1Test.java:36)
	at sun.reflect.NativeMethodAccessorImpl.invoke0(Native Method)
	at sun.reflect.NativeMethodAccessorImpl.invoke(Unknown Source)
	at sun.reflect.DelegatingMethodAccessorImpl.invoke(Unknown Source)
	at java.lang.reflect.Method.invoke(Unknown Source)
	at org.testng.internal.MethodInvocationHelper.invokeMethod(MethodInvocationHelper.java:86)
	at org.testng.internal.Invoker.invokeConfigurationMethod(Invoker.java:514)
	at org.testng.internal.Invoker.invokeConfigurations(Invoker.java:215)
	at org.testng.internal.Invoker.invokeConfigurations(Invoker.java:142)
	at org.testng.TestRunner.beforeRun(TestRunner.java:656)
	at org.testng.TestRunner.run(TestRunner.java:624)
	at org.testng.SuiteRunner.runTest(SuiteRunner.java:366)
	at org.testng.SuiteRunner.runSequentially(SuiteRunner.java:361)
	at org.testng.SuiteRunner.privateRun(SuiteRunner.java:319)
	at org.testng.SuiteRunner.run(SuiteRunner.java:268)
	at org.testng.SuiteRunnerWorker.runSuite(SuiteRunnerWorker.java:52)
	at org.testng.SuiteRunnerWorker.run(SuiteRunnerWorker.java:86)
	at org.testng.TestNG.runSuitesSequentially(TestNG.java:1246)
	at org.testng.TestNG.runSuitesLocally(TestNG.java:1171)
	at org.testng.TestNG.run(TestNG.java:1066)
	at org.testng.remote.RemoteTestNG.run(RemoteTestNG.java:113)
	at org.testng.remote.RemoteTestNG.initAndRun(RemoteTestNG.java:206)
	at org.testng.remote.RemoteTestNG.main(RemoteTestNG.java:177)
Caused by: org.openqa.selenium.firefox.NotConnectedException: Unable to connect to host 127.0.0.1 on port 7055 after 45000 ms. Firefox console output:
tionsType":null,"aboutURL":null,"icons":{"32":"icon.png","48":"icon.png"},"iconURL":null,"icon64URL":null,"defaultLocale":{"name":"Norton Security Toolbar","description":"Norton Safe Search and Safe Web warn you of dangerous sites when you search, shop or browse online.","creator":"Symantec Corporation","homepageURL":null},"visible":true,"active":false,"userDisabled":true,"appDisabled":false,"descriptor":"C:\\ProgramData\\Norton\\{0C55C096-0F1D-4F28-AAA2-85EF591126E7}\\N360_22.8.1.14\\coFFAddon","installDate":1483964605370,"updateDate":1483964605370,"applyBackgroundUpdates":1,"bootstrap":true,"skinnable":false,"size":2195099,"sourceURI":null,"releaseNotesURI":null,"softDisabled":false,"foreignInstall":true,"hasBinaryComponents":false,"strictCompatibility":false,"locales":[],"targetApplications":[{"id":"{ec8030f7-c20a-464f-9b0e-13a3a9e97384}","minVersion":"38.0a1","maxVersion":"*"}],"targetPlatforms":[],"multiprocessCompatible":false,"signedState":2,"seen":true}
1487500605640	DeferredSave.extensions.json	DEBUG	Save changes
1487500605640	addons.xpi	DEBUG	Updating database with changes to installed add-ons
1487500605640	addons.xpi-utils	DEBUG	Updating add-on states
1487500605641	addons.xpi-utils	DEBUG	Writing add-ons list
1487500605645	addons.xpi	DEBUG	Registering manifest for C:\Program Files (x86)\Mozilla Firefox\browser\features\e10srollout@mozilla.org.xpi
1487500605646	addons.xpi	DEBUG	Calling bootstrap method startup on e10srollout@mozilla.org version 1.0
1487500605646	addons.xpi	DEBUG	Registering manifest for C:\Program Files (x86)\Mozilla Firefox\browser\features\firefox@getpocket.com.xpi
1487500605646	addons.xpi	DEBUG	Calling bootstrap method startup on firefox@getpocket.com version 1.0.2
1487500605648	addons.xpi	DEBUG	Registering manifest for C:\Program Files (x86)\Mozilla Firefox\browser\features\loop@mozilla.org.xpi
1487500605649	addons.xpi	DEBUG	Calling bootstrap method startup on loop@mozilla.org version 1.3.2
1487500605674	addons.xpi	DEBUG	Registering manifest for C:\Program Files (x86)\Mozilla Firefox\browser\features\websensehelper@mozilla.org.xpi
1487500605674	addons.xpi	DEBUG	Calling bootstrap method startup on websensehelper@mozilla.org version 1.0
1487500605679	addons.manager	DEBUG	Registering shutdown blocker for XPIProvider
1487500605679	addons.manager	DEBUG	Provider finished startup: XPIProvider
1487500605679	addons.manager	DEBUG	Starting provider: LightweightThemeManager
1487500605680	addons.manager	DEBUG	Registering shutdown blocker for LightweightThemeManager
1487500605680	addons.manager	DEBUG	Provider finished startup: LightweightThemeManager
1487500605680	addons.manager	DEBUG	Starting provider: GMPProvider
1487500605688	addons.manager	DEBUG	Registering shutdown blocker for GMPProvider
1487500605689	addons.manager	DEBUG	Provider finished startup: GMPProvider
1487500605689	addons.manager	DEBUG	Starting provider: PluginProvider
1487500605689	addons.manager	DEBUG	Registering shutdown blocker for PluginProvider
1487500605689	addons.manager	DEBUG	Provider finished startup: PluginProvider
1487500605690	addons.manager	DEBUG	Completed startup sequence
1487500607397	addons.manager	DEBUG	Starting provider: <unnamed-provider>
1487500607398	addons.manager	DEBUG	Registering shutdown blocker for <unnamed-provider>
1487500607398	addons.manager	DEBUG	Provider finished startup: <unnamed-provider>
1487500607400	DeferredSave.extensions.json	DEBUG	Starting write
1487500607568	addons.repository	DEBUG	No addons.json found.
1487500607569	DeferredSave.addons.json	DEBUG	Save changes
1487500607572	DeferredSave.addons.json	DEBUG	Starting timer
1487500607599	addons.manager	DEBUG	Starting provider: PreviousExperimentProvider
1487500607600	addons.manager	DEBUG	Registering shutdown blocker for PreviousExperimentProvider
1487500607600	addons.manager	DEBUG	Provider finished startup: PreviousExperimentProvider
1487500607770	DeferredSave.extensions.json	DEBUG	Write succeeded
1487500607775	DeferredSave.addons.json	DEBUG	Starting write
1487500607828	DeferredSave.addons.json	DEBUG	Write succeeded

	at org.openqa.selenium.firefox.internal.NewProfileExtensionConnection.start(NewProfileExtensionConnection.java:113)
	... 30 more
]]>
    </failure>
  </testcase> <!-- @BeforeTest beforeTestCofig -->
  <testcase name="@BeforeTest initialSetUp" time="0.0" classname="Functional_TestCase_HomePage.HomePageTest">
    <skipped/>
  </testcase> <!-- @BeforeTest initialSetUp -->
  <testcase name="@AfterTest tearDown" time="0.0" classname="Functional_TestCase_HomePage.HomePageTest">
    <skipped/>
  </testcase> <!-- @AfterTest tearDown -->
  <testcase name="myEnquiriesLinkTest" time="0.0" classname="Functional_TestCase_HomePage.HomePageTest">
    <skipped/>
  </testcase> <!-- myEnquiriesLinkTest -->
</testsuite> <!-- Default test -->
