<?xml version="1.0" encoding="UTF-8"?>
<testng-results skipped="0" failed="0" ignored="0" total="1" passed="1">
  <reporter-output>
  </reporter-output>
  <suite name="EndToEnd" duration-ms="96678" started-at="2017-03-14T13:03:41Z" finished-at="2017-03-14T13:05:18Z">
    <groups>
    </groups>
    <test name="msupply_SupplierUnboarding" duration-ms="96678" started-at="2017-03-14T13:03:41Z" finished-at="2017-03-14T13:05:18Z">
      <class name="Functional_TestCase_HomePage.HomePageTest">
        <test-method status="PASS" signature="beforeTestCofig()[pri:0, instance:Functional_TestCase_HomePage.HomePageTest@604ed9f0]" name="beforeTestCofig" is-config="true" duration-ms="8301" started-at="2017-03-14T18:33:41Z" finished-at="2017-03-14T18:33:50Z">
          <reporter-output>
          </reporter-output>
        </test-method> <!-- beforeTestCofig -->
        <test-method status="PASS" signature="askForQuoteTest(java.lang.String, java.lang.String)[pri:0, instance:Functional_TestCase_HomePage.HomePageTest@604ed9f0]" name="askForQuoteTest" duration-ms="88341" started-at="2017-03-14T18:33:50Z" data-provider="credentialsProvider" finished-at="2017-03-14T18:35:18Z">
          <params>
            <param index="0">
              <value>
                <![CDATA[9900514935]]>
              </value>
            </param>
            <param index="1">
              <value>
                <![CDATA[123qwe]]>
              </value>
            </param>
          </params>
          <reporter-output>
          </reporter-output>
        </test-method> <!-- askForQuoteTest -->
      </class> <!-- Functional_TestCase_HomePage.HomePageTest -->
    </test> <!-- msupply_SupplierUnboarding -->
  </suite> <!-- EndToEnd -->
</testng-results>
